<?xml version="1.0" encoding="UTF-8"?>
<!-- Generated by org.testng.reporters.JUnitReportReporter -->
<testsuite hostname="LM0004457" failures="0" tests="1" name="com.jio.eva.tests.ModelsPageTests" time="0.001" errors="0" timestamp="2022-10-14T11:15:45 IST" skipped="0">
  <testcase classname="com.jio.eva.tests.ModelsPageTests" name="ModelCreation" time="0.001"/>
  <system-out/>
</testsuite> <!-- com.jio.eva.tests.ModelsPageTests -->
