<?xml version="1.0" encoding="UTF-8"?>
<!-- Generated by org.testng.reporters.JUnitReportReporter -->
<testsuite hostname="LM0004457" failures="0" tests="4" name="com.jio.eva.tests.LoginPageTests" time="0.010" errors="0" timestamp="2022-10-14T11:15:45 IST" skipped="0">
  <testcase classname="com.jio.eva.tests.LoginPageTests" name="Login" time="0.004"/>
  <system-out/>
  <testcase classname="com.jio.eva.tests.LoginPageTests" name="Login" time="0.002"/>
  <system-out/>
  <testcase classname="com.jio.eva.tests.LoginPageTests" name="Login" time="0.002"/>
  <system-out/>
  <testcase classname="com.jio.eva.tests.LoginPageTests" name="Login" time="0.002"/>
  <system-out/>
</testsuite> <!-- com.jio.eva.tests.LoginPageTests -->
