<?xml version="1.0" encoding="UTF-8"?>
<!-- Generated by org.testng.reporters.JUnitReportReporter -->
<testsuite hostname="LM0004457" failures="0" tests="11" name="com.jio.eva.tests.HomePageTests" time="0.054" errors="0" timestamp="2022-11-02T13:18:57 IST" skipped="0">
  <testcase classname="com.jio.eva.tests.HomePageTests" name="AddNewUser" time="0.002"/>
  <system-out/>
  <testcase classname="com.jio.eva.tests.HomePageTests" name="ModelCreation" time="0.004"/>
  <system-out/>
  <testcase classname="com.jio.eva.tests.HomePageTests" name="ModelCreation" time="0.010"/>
  <system-out/>
  <testcase classname="com.jio.eva.tests.HomePageTests" name="Login" time="0.001"/>
  <system-out/>
  <testcase classname="com.jio.eva.tests.HomePageTests" name="Login" time="0.004"/>
  <system-out/>
  <testcase classname="com.jio.eva.tests.HomePageTests" name="Logout" time="0.002"/>
  <system-out/>
  <testcase classname="com.jio.eva.tests.HomePageTests" name="Login" time="0.005"/>
  <system-out/>
  <testcase classname="com.jio.eva.tests.HomePageTests" name="ModelCreation" time="0.001"/>
  <system-out/>
  <testcase classname="com.jio.eva.tests.HomePageTests" name="Logout" time="0.006"/>
  <system-out/>
  <testcase classname="com.jio.eva.tests.HomePageTests" name="HomePageTest" time="0.011"/>
  <system-out/>
  <testcase classname="com.jio.eva.tests.HomePageTests" name="Login" time="0.008"/>
  <system-out/>
</testsuite> <!-- com.jio.eva.tests.HomePageTests -->
